{"name":"hexo","hostname":"DESKTOP-QNIENKM","pid":80052,"level":20,"msg":"Hexo version: 3.2.2","time":"2017-03-05T14:10:25.564Z","v":0}
{"name":"hexo","hostname":"DESKTOP-QNIENKM","pid":80052,"level":20,"msg":"Working directory: D:\\github\\wanglong001\\","time":"2017-03-05T14:10:25.582Z","v":0}
{"name":"hexo","hostname":"DESKTOP-QNIENKM","pid":80052,"level":20,"msg":"Config loaded: D:\\github\\wanglong001\\_config.yml","time":"2017-03-05T14:10:25.727Z","v":0}
{"name":"hexo","hostname":"DESKTOP-QNIENKM","pid":80052,"level":20,"msg":"Plugin loaded: hexo-generator-category","time":"2017-03-05T14:10:25.746Z","v":0}
{"name":"hexo","hostname":"DESKTOP-QNIENKM","pid":80052,"level":20,"msg":"Plugin loaded: hexo-generator-archive","time":"2017-03-05T14:10:25.749Z","v":0}
{"name":"hexo","hostname":"DESKTOP-QNIENKM","pid":80052,"level":20,"msg":"Plugin loaded: hexo-generator-index","time":"2017-03-05T14:10:25.753Z","v":0}
{"name":"hexo","hostname":"DESKTOP-QNIENKM","pid":80052,"level":20,"msg":"Plugin loaded: hexo-generator-tag","time":"2017-03-05T14:10:25.755Z","v":0}
{"name":"hexo","hostname":"DESKTOP-QNIENKM","pid":80052,"level":20,"msg":"Plugin loaded: hexo-renderer-marked","time":"2017-03-05T14:10:25.762Z","v":0}
{"name":"hexo","hostname":"DESKTOP-QNIENKM","pid":80052,"level":20,"msg":"Plugin loaded: hexo-renderer-stylus","time":"2017-03-05T14:10:25.763Z","v":0}
{"name":"hexo","hostname":"DESKTOP-QNIENKM","pid":80052,"level":20,"msg":"Plugin loaded: hexo-renderer-ejs","time":"2017-03-05T14:10:25.769Z","v":0}
{"name":"hexo","hostname":"DESKTOP-QNIENKM","pid":80052,"level":20,"msg":"Script loaded: themes\\next\\scripts\\merge-configs.js","time":"2017-03-05T14:10:25.775Z","v":0}
{"name":"hexo","hostname":"DESKTOP-QNIENKM","pid":80052,"level":20,"msg":"Plugin loaded: hexo-server","time":"2017-03-05T14:10:25.866Z","v":0}
{"name":"hexo","hostname":"DESKTOP-QNIENKM","pid":80052,"level":20,"msg":"Script loaded: themes\\next\\scripts\\tags\\button.js","time":"2017-03-05T14:10:25.867Z","v":0}
{"name":"hexo","hostname":"DESKTOP-QNIENKM","pid":80052,"level":20,"msg":"Script loaded: themes\\next\\scripts\\merge.js","time":"2017-03-05T14:10:25.871Z","v":0}
{"name":"hexo","hostname":"DESKTOP-QNIENKM","pid":80052,"level":20,"msg":"Script loaded: themes\\next\\scripts\\tags\\full-image.js","time":"2017-03-05T14:10:25.871Z","v":0}
{"name":"hexo","hostname":"DESKTOP-QNIENKM","pid":80052,"level":20,"msg":"Script loaded: themes\\next\\scripts\\tags\\center-quote.js","time":"2017-03-05T14:10:25.871Z","v":0}
{"name":"hexo","hostname":"DESKTOP-QNIENKM","pid":80052,"level":20,"msg":"Script loaded: themes\\next\\scripts\\tags\\exturl.js","time":"2017-03-05T14:10:25.872Z","v":0}
{"name":"hexo","hostname":"DESKTOP-QNIENKM","pid":80052,"level":20,"msg":"Script loaded: themes\\next\\scripts\\tags\\group-pictures.js","time":"2017-03-05T14:10:25.873Z","v":0}
{"name":"hexo","hostname":"DESKTOP-QNIENKM","pid":80052,"level":20,"msg":"Script loaded: themes\\next\\scripts\\tags\\note.js","time":"2017-03-05T14:10:25.874Z","v":0}
{"name":"hexo","hostname":"DESKTOP-QNIENKM","pid":80052,"level":20,"msg":"Loading database.","time":"2017-03-05T14:10:25.886Z","v":0}
{"name":"hexo","hostname":"DESKTOP-QNIENKM","pid":80052,"level":30,"msg":"Start processing","time":"2017-03-05T14:10:25.894Z","v":0}
{"name":"hexo","hostname":"DESKTOP-QNIENKM","pid":80052,"level":20,"msg":"Theme config loaded.","time":"2017-03-05T14:10:26.038Z","v":0}
{"name":"hexo","hostname":"DESKTOP-QNIENKM","pid":80052,"level":20,"msg":"Processed: _config.yml","time":"2017-03-05T14:10:26.039Z","v":0}
{"name":"hexo","hostname":"DESKTOP-QNIENKM","pid":80052,"level":20,"msg":"Processed: source/css/main.styl","time":"2017-03-05T14:10:26.056Z","v":0}
{"name":"hexo","hostname":"DESKTOP-QNIENKM","pid":80052,"level":20,"msg":"Processed: source/images/avatar.gif","time":"2017-03-05T14:10:26.056Z","v":0}
{"name":"hexo","hostname":"DESKTOP-QNIENKM","pid":80052,"level":20,"msg":"Processed: source/images/algolia_logo.svg","time":"2017-03-05T14:10:26.056Z","v":0}
{"name":"hexo","hostname":"DESKTOP-QNIENKM","pid":80052,"level":20,"msg":"Processed: source/images/cc-by-nc-nd.svg","time":"2017-03-05T14:10:26.057Z","v":0}
{"name":"hexo","hostname":"DESKTOP-QNIENKM","pid":80052,"level":20,"msg":"Processed: source/images/cc-by-nc-sa.svg","time":"2017-03-05T14:10:26.057Z","v":0}
{"name":"hexo","hostname":"DESKTOP-QNIENKM","pid":80052,"level":20,"msg":"Processed: source/images/cc-by-nc.svg","time":"2017-03-05T14:10:26.057Z","v":0}
{"name":"hexo","hostname":"DESKTOP-QNIENKM","pid":80052,"level":20,"msg":"Processed: source/images/cc-by-nd.svg","time":"2017-03-05T14:10:26.057Z","v":0}
{"name":"hexo","hostname":"DESKTOP-QNIENKM","pid":80052,"level":20,"msg":"Processed: source/images/cc-by-sa.svg","time":"2017-03-05T14:10:26.058Z","v":0}
{"name":"hexo","hostname":"DESKTOP-QNIENKM","pid":80052,"level":20,"msg":"Processed: source/images/cc-by.svg","time":"2017-03-05T14:10:26.058Z","v":0}
{"name":"hexo","hostname":"DESKTOP-QNIENKM","pid":80052,"level":20,"msg":"Processed: source/images/cc-zero.svg","time":"2017-03-05T14:10:26.059Z","v":0}
{"name":"hexo","hostname":"DESKTOP-QNIENKM","pid":80052,"level":20,"msg":"Processed: source/images/loading.gif","time":"2017-03-05T14:10:26.059Z","v":0}
{"name":"hexo","hostname":"DESKTOP-QNIENKM","pid":80052,"level":20,"msg":"Processed: source/images/placeholder.gif","time":"2017-03-05T14:10:26.059Z","v":0}
{"name":"hexo","hostname":"DESKTOP-QNIENKM","pid":80052,"level":20,"msg":"Processed: source/images/quote-l.svg","time":"2017-03-05T14:10:26.059Z","v":0}
{"name":"hexo","hostname":"DESKTOP-QNIENKM","pid":80052,"level":20,"msg":"Processed: source/images/quote-r.svg","time":"2017-03-05T14:10:26.060Z","v":0}
{"name":"hexo","hostname":"DESKTOP-QNIENKM","pid":80052,"level":20,"msg":"Processed: source/images/searchicon.png","time":"2017-03-05T14:10:26.060Z","v":0}
{"name":"hexo","hostname":"DESKTOP-QNIENKM","pid":80052,"level":20,"msg":"Processed: layout/archive.swig","time":"2017-03-05T14:10:26.298Z","v":0}
{"name":"hexo","hostname":"DESKTOP-QNIENKM","pid":80052,"level":20,"msg":"Processed: layout/index.swig","time":"2017-03-05T14:10:26.298Z","v":0}
{"name":"hexo","hostname":"DESKTOP-QNIENKM","pid":80052,"level":20,"msg":"Processed: layout/_layout.swig","time":"2017-03-05T14:10:26.299Z","v":0}
{"name":"hexo","hostname":"DESKTOP-QNIENKM","pid":80052,"level":20,"msg":"Processed: layout/category.swig","time":"2017-03-05T14:10:26.299Z","v":0}
{"name":"hexo","hostname":"DESKTOP-QNIENKM","pid":80052,"level":20,"msg":"Processed: layout/page.swig","time":"2017-03-05T14:10:26.299Z","v":0}
{"name":"hexo","hostname":"DESKTOP-QNIENKM","pid":80052,"level":20,"msg":"Processed: layout/post.swig","time":"2017-03-05T14:10:26.299Z","v":0}
{"name":"hexo","hostname":"DESKTOP-QNIENKM","pid":80052,"level":20,"msg":"Processed: layout/schedule.swig","time":"2017-03-05T14:10:26.299Z","v":0}
{"name":"hexo","hostname":"DESKTOP-QNIENKM","pid":80052,"level":20,"msg":"Processed: layout/tag.swig","time":"2017-03-05T14:10:26.299Z","v":0}
{"name":"hexo","hostname":"DESKTOP-QNIENKM","pid":80052,"level":20,"msg":"Processed: _posts/hello-world.md","time":"2017-03-05T14:10:26.316Z","v":0}
{"name":"hexo","hostname":"DESKTOP-QNIENKM","pid":80052,"level":20,"msg":"Processed: languages/en.yml","time":"2017-03-05T14:10:26.317Z","v":0}
{"name":"hexo","hostname":"DESKTOP-QNIENKM","pid":80052,"level":20,"msg":"Processed: languages/fr-FR.yml","time":"2017-03-05T14:10:26.317Z","v":0}
{"name":"hexo","hostname":"DESKTOP-QNIENKM","pid":80052,"level":20,"msg":"Processed: languages/default.yml","time":"2017-03-05T14:10:26.317Z","v":0}
{"name":"hexo","hostname":"DESKTOP-QNIENKM","pid":80052,"level":20,"msg":"Processed: languages/de.yml","time":"2017-03-05T14:10:26.317Z","v":0}
{"name":"hexo","hostname":"DESKTOP-QNIENKM","pid":80052,"level":20,"msg":"Processed: languages/id.yml","time":"2017-03-05T14:10:26.317Z","v":0}
{"name":"hexo","hostname":"DESKTOP-QNIENKM","pid":80052,"level":20,"msg":"Processed: languages/ja.yml","time":"2017-03-05T14:10:26.318Z","v":0}
{"name":"hexo","hostname":"DESKTOP-QNIENKM","pid":80052,"level":20,"msg":"Processed: languages/ru.yml","time":"2017-03-05T14:10:26.318Z","v":0}
{"name":"hexo","hostname":"DESKTOP-QNIENKM","pid":80052,"level":20,"msg":"Processed: languages/ko.yml","time":"2017-03-05T14:10:26.318Z","v":0}
{"name":"hexo","hostname":"DESKTOP-QNIENKM","pid":80052,"level":20,"msg":"Processed: languages/pt-BR.yml","time":"2017-03-05T14:10:26.318Z","v":0}
{"name":"hexo","hostname":"DESKTOP-QNIENKM","pid":80052,"level":20,"msg":"Processed: languages/pt.yml","time":"2017-03-05T14:10:26.318Z","v":0}
{"name":"hexo","hostname":"DESKTOP-QNIENKM","pid":80052,"level":20,"msg":"Processed: languages/zh-Hans.yml","time":"2017-03-05T14:10:26.318Z","v":0}
{"name":"hexo","hostname":"DESKTOP-QNIENKM","pid":80052,"level":20,"msg":"Processed: languages/zh-tw.yml","time":"2017-03-05T14:10:26.318Z","v":0}
{"name":"hexo","hostname":"DESKTOP-QNIENKM","pid":80052,"level":20,"msg":"Processed: languages/zh-hk.yml","time":"2017-03-05T14:10:26.318Z","v":0}
{"name":"hexo","hostname":"DESKTOP-QNIENKM","pid":80052,"level":20,"msg":"Processed: _posts/Hello-World-0.md","time":"2017-03-05T14:10:26.320Z","v":0}
{"name":"hexo","hostname":"DESKTOP-QNIENKM","pid":80052,"level":20,"msg":"Processed: source/js/src/affix.js","time":"2017-03-05T14:10:26.377Z","v":0}
{"name":"hexo","hostname":"DESKTOP-QNIENKM","pid":80052,"level":20,"msg":"Processed: source/js/src/algolia-search.js","time":"2017-03-05T14:10:26.378Z","v":0}
{"name":"hexo","hostname":"DESKTOP-QNIENKM","pid":80052,"level":20,"msg":"Processed: source/js/src/bootstrap.js","time":"2017-03-05T14:10:26.379Z","v":0}
{"name":"hexo","hostname":"DESKTOP-QNIENKM","pid":80052,"level":20,"msg":"Processed: source/js/src/exturl.js","time":"2017-03-05T14:10:26.379Z","v":0}
{"name":"hexo","hostname":"DESKTOP-QNIENKM","pid":80052,"level":20,"msg":"Processed: source/js/src/motion.js","time":"2017-03-05T14:10:26.379Z","v":0}
{"name":"hexo","hostname":"DESKTOP-QNIENKM","pid":80052,"level":20,"msg":"Processed: source/js/src/hook-duoshuo.js","time":"2017-03-05T14:10:26.380Z","v":0}
{"name":"hexo","hostname":"DESKTOP-QNIENKM","pid":80052,"level":20,"msg":"Processed: source/js/src/post-details.js","time":"2017-03-05T14:10:26.381Z","v":0}
{"name":"hexo","hostname":"DESKTOP-QNIENKM","pid":80052,"level":20,"msg":"Processed: source/js/src/scrollspy.js","time":"2017-03-05T14:10:26.382Z","v":0}
{"name":"hexo","hostname":"DESKTOP-QNIENKM","pid":80052,"level":20,"msg":"Processed: source/js/src/utils.js","time":"2017-03-05T14:10:26.383Z","v":0}
{"name":"hexo","hostname":"DESKTOP-QNIENKM","pid":80052,"level":20,"msg":"Processed: source/lib/algolia-instant-search/instantsearch.min.css","time":"2017-03-05T14:10:26.384Z","v":0}
{"name":"hexo","hostname":"DESKTOP-QNIENKM","pid":80052,"level":20,"msg":"Processed: source/lib/canvas-nest/canvas-nest.min.js","time":"2017-03-05T14:10:26.388Z","v":0}
{"name":"hexo","hostname":"DESKTOP-QNIENKM","pid":80052,"level":20,"msg":"Processed: source/lib/fastclick/LICENSE","time":"2017-03-05T14:10:26.390Z","v":0}
{"name":"hexo","hostname":"DESKTOP-QNIENKM","pid":80052,"level":20,"msg":"Processed: source/lib/fastclick/README.md","time":"2017-03-05T14:10:26.390Z","v":0}
{"name":"hexo","hostname":"DESKTOP-QNIENKM","pid":80052,"level":20,"msg":"Processed: source/lib/fastclick/bower.json","time":"2017-03-05T14:10:26.391Z","v":0}
{"name":"hexo","hostname":"DESKTOP-QNIENKM","pid":80052,"level":20,"msg":"Processed: source/lib/font-awesome/HELP-US-OUT.txt","time":"2017-03-05T14:10:26.391Z","v":0}
{"name":"hexo","hostname":"DESKTOP-QNIENKM","pid":80052,"level":20,"msg":"Processed: source/lib/font-awesome/bower.json","time":"2017-03-05T14:10:26.393Z","v":0}
{"name":"hexo","hostname":"DESKTOP-QNIENKM","pid":80052,"level":20,"msg":"Processed: source/lib/jquery_lazyload/CONTRIBUTING.md","time":"2017-03-05T14:10:26.393Z","v":0}
{"name":"hexo","hostname":"DESKTOP-QNIENKM","pid":80052,"level":20,"msg":"Processed: source/lib/jquery_lazyload/README.md","time":"2017-03-05T14:10:26.394Z","v":0}
{"name":"hexo","hostname":"DESKTOP-QNIENKM","pid":80052,"level":20,"msg":"Processed: source/lib/jquery_lazyload/bower.json","time":"2017-03-05T14:10:26.394Z","v":0}
{"name":"hexo","hostname":"DESKTOP-QNIENKM","pid":80052,"level":20,"msg":"Processed: source/lib/jquery_lazyload/jquery.lazyload.js","time":"2017-03-05T14:10:26.394Z","v":0}
{"name":"hexo","hostname":"DESKTOP-QNIENKM","pid":80052,"level":20,"msg":"Processed: source/lib/jquery_lazyload/jquery.scrollstop.js","time":"2017-03-05T14:10:26.395Z","v":0}
{"name":"hexo","hostname":"DESKTOP-QNIENKM","pid":80052,"level":20,"msg":"Processed: source/lib/velocity/bower.json","time":"2017-03-05T14:10:26.395Z","v":0}
{"name":"hexo","hostname":"DESKTOP-QNIENKM","pid":80052,"level":20,"msg":"Processed: source/lib/velocity/velocity.min.js","time":"2017-03-05T14:10:26.395Z","v":0}
{"name":"hexo","hostname":"DESKTOP-QNIENKM","pid":80052,"level":20,"msg":"Processed: source/lib/velocity/velocity.ui.js","time":"2017-03-05T14:10:26.396Z","v":0}
{"name":"hexo","hostname":"DESKTOP-QNIENKM","pid":80052,"level":20,"msg":"Processed: source/lib/velocity/velocity.ui.min.js","time":"2017-03-05T14:10:26.396Z","v":0}
{"name":"hexo","hostname":"DESKTOP-QNIENKM","pid":80052,"level":20,"msg":"Processed: layout/_custom/header.swig","time":"2017-03-05T14:10:26.480Z","v":0}
{"name":"hexo","hostname":"DESKTOP-QNIENKM","pid":80052,"level":20,"msg":"Processed: layout/_custom/sidebar.swig","time":"2017-03-05T14:10:26.480Z","v":0}
{"name":"hexo","hostname":"DESKTOP-QNIENKM","pid":80052,"level":20,"msg":"Processed: layout/_macro/reward.swig","time":"2017-03-05T14:10:26.480Z","v":0}
{"name":"hexo","hostname":"DESKTOP-QNIENKM","pid":80052,"level":20,"msg":"Processed: layout/_macro/post-collapse.swig","time":"2017-03-05T14:10:26.480Z","v":0}
{"name":"hexo","hostname":"DESKTOP-QNIENKM","pid":80052,"level":20,"msg":"Processed: layout/_macro/post.swig","time":"2017-03-05T14:10:26.480Z","v":0}
{"name":"hexo","hostname":"DESKTOP-QNIENKM","pid":80052,"level":20,"msg":"Processed: layout/_partials/comments.swig","time":"2017-03-05T14:10:26.480Z","v":0}
{"name":"hexo","hostname":"DESKTOP-QNIENKM","pid":80052,"level":20,"msg":"Processed: layout/_macro/sidebar.swig","time":"2017-03-05T14:10:26.480Z","v":0}
{"name":"hexo","hostname":"DESKTOP-QNIENKM","pid":80052,"level":20,"msg":"Processed: layout/_partials/duoshuo-hot-articles.swig","time":"2017-03-05T14:10:26.480Z","v":0}
{"name":"hexo","hostname":"DESKTOP-QNIENKM","pid":80052,"level":20,"msg":"Processed: layout/_macro/wechat-subscriber.swig","time":"2017-03-05T14:10:26.480Z","v":0}
{"name":"hexo","hostname":"DESKTOP-QNIENKM","pid":80052,"level":20,"msg":"Processed: layout/_partials/footer.swig","time":"2017-03-05T14:10:26.481Z","v":0}
{"name":"hexo","hostname":"DESKTOP-QNIENKM","pid":80052,"level":20,"msg":"Processed: layout/_partials/head.swig","time":"2017-03-05T14:10:26.481Z","v":0}
{"name":"hexo","hostname":"DESKTOP-QNIENKM","pid":80052,"level":20,"msg":"Processed: layout/_partials/search.swig","time":"2017-03-05T14:10:26.481Z","v":0}
{"name":"hexo","hostname":"DESKTOP-QNIENKM","pid":80052,"level":20,"msg":"Processed: layout/_partials/page-header.swig","time":"2017-03-05T14:10:26.481Z","v":0}
{"name":"hexo","hostname":"DESKTOP-QNIENKM","pid":80052,"level":20,"msg":"Processed: layout/_scripts/baidu-push.swig","time":"2017-03-05T14:10:26.481Z","v":0}
{"name":"hexo","hostname":"DESKTOP-QNIENKM","pid":80052,"level":20,"msg":"Processed: layout/_partials/header.swig","time":"2017-03-05T14:10:26.481Z","v":0}
{"name":"hexo","hostname":"DESKTOP-QNIENKM","pid":80052,"level":20,"msg":"Processed: layout/_scripts/commons.swig","time":"2017-03-05T14:10:26.481Z","v":0}
{"name":"hexo","hostname":"DESKTOP-QNIENKM","pid":80052,"level":20,"msg":"Processed: layout/_partials/pagination.swig","time":"2017-03-05T14:10:26.481Z","v":0}
{"name":"hexo","hostname":"DESKTOP-QNIENKM","pid":80052,"level":20,"msg":"Processed: layout/_scripts/vendors.swig","time":"2017-03-05T14:10:26.481Z","v":0}
{"name":"hexo","hostname":"DESKTOP-QNIENKM","pid":80052,"level":20,"msg":"Processed: layout/_scripts/boostrap.swig","time":"2017-03-05T14:10:26.481Z","v":0}
{"name":"hexo","hostname":"DESKTOP-QNIENKM","pid":80052,"level":20,"msg":"Processed: source/lib/jquery/index.js","time":"2017-03-05T14:10:26.481Z","v":0}
{"name":"hexo","hostname":"DESKTOP-QNIENKM","pid":80052,"level":20,"msg":"Processed: layout/_scripts/schemes/muse.swig","time":"2017-03-05T14:10:26.492Z","v":0}
{"name":"hexo","hostname":"DESKTOP-QNIENKM","pid":80052,"level":20,"msg":"Processed: layout/_scripts/schemes/mist.swig","time":"2017-03-05T14:10:26.492Z","v":0}
{"name":"hexo","hostname":"DESKTOP-QNIENKM","pid":80052,"level":20,"msg":"Processed: source/js/src/schemes/pisces.js","time":"2017-03-05T14:10:26.494Z","v":0}
{"name":"hexo","hostname":"DESKTOP-QNIENKM","pid":80052,"level":20,"msg":"Processed: source/lib/fancybox/source/blank.gif","time":"2017-03-05T14:10:26.495Z","v":0}
{"name":"hexo","hostname":"DESKTOP-QNIENKM","pid":80052,"level":20,"msg":"Processed: source/lib/fancybox/source/fancybox_loading.gif","time":"2017-03-05T14:10:26.495Z","v":0}
{"name":"hexo","hostname":"DESKTOP-QNIENKM","pid":80052,"level":20,"msg":"Processed: source/lib/fancybox/source/fancybox_loading@2x.gif","time":"2017-03-05T14:10:26.495Z","v":0}
{"name":"hexo","hostname":"DESKTOP-QNIENKM","pid":80052,"level":20,"msg":"Processed: source/lib/fancybox/source/fancybox_sprite.png","time":"2017-03-05T14:10:26.495Z","v":0}
{"name":"hexo","hostname":"DESKTOP-QNIENKM","pid":80052,"level":20,"msg":"Processed: source/lib/fancybox/source/fancybox_overlay.png","time":"2017-03-05T14:10:26.496Z","v":0}
{"name":"hexo","hostname":"DESKTOP-QNIENKM","pid":80052,"level":20,"msg":"Processed: source/lib/fancybox/source/fancybox_sprite@2x.png","time":"2017-03-05T14:10:26.496Z","v":0}
{"name":"hexo","hostname":"DESKTOP-QNIENKM","pid":80052,"level":20,"msg":"Processed: source/lib/fancybox/source/jquery.fancybox.css","time":"2017-03-05T14:10:26.496Z","v":0}
{"name":"hexo","hostname":"DESKTOP-QNIENKM","pid":80052,"level":20,"msg":"Processed: source/lib/fancybox/source/jquery.fancybox.pack.js","time":"2017-03-05T14:10:26.497Z","v":0}
{"name":"hexo","hostname":"DESKTOP-QNIENKM","pid":80052,"level":20,"msg":"Processed: source/lib/fancybox/source/jquery.fancybox.js","time":"2017-03-05T14:10:26.497Z","v":0}
{"name":"hexo","hostname":"DESKTOP-QNIENKM","pid":80052,"level":20,"msg":"Processed: source/lib/fastclick/lib/fastclick.js","time":"2017-03-05T14:10:26.497Z","v":0}
{"name":"hexo","hostname":"DESKTOP-QNIENKM","pid":80052,"level":20,"msg":"Processed: source/lib/fastclick/lib/fastclick.min.js","time":"2017-03-05T14:10:26.498Z","v":0}
{"name":"hexo","hostname":"DESKTOP-QNIENKM","pid":80052,"level":20,"msg":"Processed: source/lib/font-awesome/css/font-awesome.css.map","time":"2017-03-05T14:10:26.498Z","v":0}
{"name":"hexo","hostname":"DESKTOP-QNIENKM","pid":80052,"level":20,"msg":"Processed: source/lib/font-awesome/css/font-awesome.css","time":"2017-03-05T14:10:26.498Z","v":0}
{"name":"hexo","hostname":"DESKTOP-QNIENKM","pid":80052,"level":20,"msg":"Processed: source/lib/font-awesome/css/font-awesome.min.css","time":"2017-03-05T14:10:26.498Z","v":0}
{"name":"hexo","hostname":"DESKTOP-QNIENKM","pid":80052,"level":20,"msg":"Processed: source/lib/ua-parser-js/dist/ua-parser.pack.js","time":"2017-03-05T14:10:26.499Z","v":0}
{"name":"hexo","hostname":"DESKTOP-QNIENKM","pid":80052,"level":20,"msg":"Processed: source/lib/ua-parser-js/dist/ua-parser.min.js","time":"2017-03-05T14:10:26.499Z","v":0}
{"name":"hexo","hostname":"DESKTOP-QNIENKM","pid":80052,"level":20,"msg":"Processed: layout/_components/algolia-search/dom.swig","time":"2017-03-05T14:10:26.538Z","v":0}
{"name":"hexo","hostname":"DESKTOP-QNIENKM","pid":80052,"level":20,"msg":"Processed: layout/_partials/search/tinysou.swig","time":"2017-03-05T14:10:26.538Z","v":0}
{"name":"hexo","hostname":"DESKTOP-QNIENKM","pid":80052,"level":20,"msg":"Processed: layout/_partials/search/localsearch.swig","time":"2017-03-05T14:10:26.538Z","v":0}
{"name":"hexo","hostname":"DESKTOP-QNIENKM","pid":80052,"level":20,"msg":"Processed: layout/_components/algolia-search/assets.swig","time":"2017-03-05T14:10:26.538Z","v":0}
{"name":"hexo","hostname":"DESKTOP-QNIENKM","pid":80052,"level":20,"msg":"Processed: layout/_partials/share/add-this.swig","time":"2017-03-05T14:10:26.538Z","v":0}
{"name":"hexo","hostname":"DESKTOP-QNIENKM","pid":80052,"level":20,"msg":"Processed: layout/_partials/head/custom-head.swig","time":"2017-03-05T14:10:26.538Z","v":0}
{"name":"hexo","hostname":"DESKTOP-QNIENKM","pid":80052,"level":20,"msg":"Processed: layout/_partials/search/swiftype.swig","time":"2017-03-05T14:10:26.538Z","v":0}
{"name":"hexo","hostname":"DESKTOP-QNIENKM","pid":80052,"level":20,"msg":"Processed: layout/_partials/head/external-fonts.swig","time":"2017-03-05T14:10:26.538Z","v":0}
{"name":"hexo","hostname":"DESKTOP-QNIENKM","pid":80052,"level":20,"msg":"Processed: layout/_partials/share/baidushare.swig","time":"2017-03-05T14:10:26.538Z","v":0}
{"name":"hexo","hostname":"DESKTOP-QNIENKM","pid":80052,"level":20,"msg":"Processed: layout/_partials/share/jiathis.swig","time":"2017-03-05T14:10:26.538Z","v":0}
{"name":"hexo","hostname":"DESKTOP-QNIENKM","pid":80052,"level":20,"msg":"Processed: layout/_scripts/pages/post-details.swig","time":"2017-03-05T14:10:26.538Z","v":0}
{"name":"hexo","hostname":"DESKTOP-QNIENKM","pid":80052,"level":20,"msg":"Processed: layout/_partials/share/duoshuo_share.swig","time":"2017-03-05T14:10:26.538Z","v":0}
{"name":"hexo","hostname":"DESKTOP-QNIENKM","pid":80052,"level":20,"msg":"Processed: layout/_scripts/schemes/pisces.swig","time":"2017-03-05T14:10:26.538Z","v":0}
{"name":"hexo","hostname":"DESKTOP-QNIENKM","pid":80052,"level":20,"msg":"Processed: layout/_scripts/third-party/comments.swig","time":"2017-03-05T14:10:26.539Z","v":0}
{"name":"hexo","hostname":"DESKTOP-QNIENKM","pid":80052,"level":20,"msg":"Processed: layout/_scripts/third-party/analytics.swig","time":"2017-03-05T14:10:26.539Z","v":0}
{"name":"hexo","hostname":"DESKTOP-QNIENKM","pid":80052,"level":20,"msg":"Processed: layout/_scripts/third-party/lean-analytics.swig","time":"2017-03-05T14:10:26.539Z","v":0}
{"name":"hexo","hostname":"DESKTOP-QNIENKM","pid":80052,"level":20,"msg":"Processed: layout/_scripts/third-party/localsearch.swig","time":"2017-03-05T14:10:26.539Z","v":0}
{"name":"hexo","hostname":"DESKTOP-QNIENKM","pid":80052,"level":20,"msg":"Processed: layout/_scripts/third-party/mathjax.swig","time":"2017-03-05T14:10:26.539Z","v":0}
{"name":"hexo","hostname":"DESKTOP-QNIENKM","pid":80052,"level":20,"msg":"Processed: layout/_scripts/third-party/schedule.swig","time":"2017-03-05T14:10:26.539Z","v":0}
{"name":"hexo","hostname":"DESKTOP-QNIENKM","pid":80052,"level":20,"msg":"Processed: layout/_scripts/third-party/tinysou.swig","time":"2017-03-05T14:10:26.539Z","v":0}
{"name":"hexo","hostname":"DESKTOP-QNIENKM","pid":80052,"level":20,"msg":"Processed: source/lib/font-awesome/fonts/FontAwesome.otf","time":"2017-03-05T14:10:26.540Z","v":0}
{"name":"hexo","hostname":"DESKTOP-QNIENKM","pid":80052,"level":20,"msg":"Processed: source/lib/font-awesome/fonts/fontawesome-webfont.eot","time":"2017-03-05T14:10:26.540Z","v":0}
{"name":"hexo","hostname":"DESKTOP-QNIENKM","pid":80052,"level":20,"msg":"Processed: source/lib/font-awesome/fonts/fontawesome-webfont.woff","time":"2017-03-05T14:10:26.540Z","v":0}
{"name":"hexo","hostname":"DESKTOP-QNIENKM","pid":80052,"level":20,"msg":"Processed: source/lib/font-awesome/fonts/fontawesome-webfont.woff2","time":"2017-03-05T14:10:26.541Z","v":0}
{"name":"hexo","hostname":"DESKTOP-QNIENKM","pid":80052,"level":20,"msg":"Processed: source/lib/velocity/velocity.js","time":"2017-03-05T14:10:26.541Z","v":0}
{"name":"hexo","hostname":"DESKTOP-QNIENKM","pid":80052,"level":20,"msg":"Processed: source/lib/fancybox/source/helpers/jquery.fancybox-buttons.css","time":"2017-03-05T14:10:26.547Z","v":0}
{"name":"hexo","hostname":"DESKTOP-QNIENKM","pid":80052,"level":20,"msg":"Processed: source/lib/fancybox/source/helpers/fancybox_buttons.png","time":"2017-03-05T14:10:26.547Z","v":0}
{"name":"hexo","hostname":"DESKTOP-QNIENKM","pid":80052,"level":20,"msg":"Processed: source/lib/fancybox/source/helpers/jquery.fancybox-media.js","time":"2017-03-05T14:10:26.547Z","v":0}
{"name":"hexo","hostname":"DESKTOP-QNIENKM","pid":80052,"level":20,"msg":"Processed: source/lib/fancybox/source/helpers/jquery.fancybox-buttons.js","time":"2017-03-05T14:10:26.548Z","v":0}
{"name":"hexo","hostname":"DESKTOP-QNIENKM","pid":80052,"level":20,"msg":"Processed: source/lib/fancybox/source/helpers/jquery.fancybox-thumbs.css","time":"2017-03-05T14:10:26.548Z","v":0}
{"name":"hexo","hostname":"DESKTOP-QNIENKM","pid":80052,"level":20,"msg":"Processed: source/lib/fancybox/source/helpers/jquery.fancybox-thumbs.js","time":"2017-03-05T14:10:26.548Z","v":0}
{"name":"hexo","hostname":"DESKTOP-QNIENKM","pid":80052,"level":20,"msg":"Processed: source/lib/font-awesome/fonts/fontawesome-webfont.ttf","time":"2017-03-05T14:10:26.548Z","v":0}
{"name":"hexo","hostname":"DESKTOP-QNIENKM","pid":80052,"level":20,"msg":"Processed: layout/_scripts/third-party/analytics/baidu-analytics.swig","time":"2017-03-05T14:10:26.560Z","v":0}
{"name":"hexo","hostname":"DESKTOP-QNIENKM","pid":80052,"level":20,"msg":"Processed: layout/_scripts/third-party/analytics/google-analytics.swig","time":"2017-03-05T14:10:26.560Z","v":0}
{"name":"hexo","hostname":"DESKTOP-QNIENKM","pid":80052,"level":20,"msg":"Processed: layout/_scripts/third-party/analytics/facebook-sdk.swig","time":"2017-03-05T14:10:26.561Z","v":0}
{"name":"hexo","hostname":"DESKTOP-QNIENKM","pid":80052,"level":20,"msg":"Processed: layout/_scripts/third-party/analytics/busuanzi-counter.swig","time":"2017-03-05T14:10:26.561Z","v":0}
{"name":"hexo","hostname":"DESKTOP-QNIENKM","pid":80052,"level":20,"msg":"Processed: layout/_scripts/third-party/analytics/cnzz-analytics.swig","time":"2017-03-05T14:10:26.561Z","v":0}
{"name":"hexo","hostname":"DESKTOP-QNIENKM","pid":80052,"level":20,"msg":"Processed: layout/_scripts/third-party/analytics/tencent-analytics.swig","time":"2017-03-05T14:10:26.561Z","v":0}
{"name":"hexo","hostname":"DESKTOP-QNIENKM","pid":80052,"level":20,"msg":"Processed: layout/_scripts/third-party/analytics/tencent-mta.swig","time":"2017-03-05T14:10:26.561Z","v":0}
{"name":"hexo","hostname":"DESKTOP-QNIENKM","pid":80052,"level":20,"msg":"Processed: layout/_scripts/third-party/analytics/application-insights.swig","time":"2017-03-05T14:10:26.561Z","v":0}
{"name":"hexo","hostname":"DESKTOP-QNIENKM","pid":80052,"level":20,"msg":"Processed: layout/_scripts/third-party/analytics/vkontakte-api.swig","time":"2017-03-05T14:10:26.561Z","v":0}
{"name":"hexo","hostname":"DESKTOP-QNIENKM","pid":80052,"level":20,"msg":"Processed: layout/_scripts/third-party/comments/duoshuo.swig","time":"2017-03-05T14:10:26.561Z","v":0}
{"name":"hexo","hostname":"DESKTOP-QNIENKM","pid":80052,"level":20,"msg":"Processed: layout/_scripts/third-party/comments/gentie.swig","time":"2017-03-05T14:10:26.561Z","v":0}
{"name":"hexo","hostname":"DESKTOP-QNIENKM","pid":80052,"level":20,"msg":"Processed: layout/_scripts/third-party/comments/disqus.swig","time":"2017-03-05T14:10:26.561Z","v":0}
{"name":"hexo","hostname":"DESKTOP-QNIENKM","pid":80052,"level":20,"msg":"Processed: layout/_scripts/third-party/comments/hypercomments.swig","time":"2017-03-05T14:10:26.561Z","v":0}
{"name":"hexo","hostname":"DESKTOP-QNIENKM","pid":80052,"level":20,"msg":"Processed: layout/_scripts/third-party/comments/livere.swig","time":"2017-03-05T14:10:26.561Z","v":0}
{"name":"hexo","hostname":"DESKTOP-QNIENKM","pid":80052,"level":20,"msg":"Processed: layout/_scripts/third-party/comments/youyan.swig","time":"2017-03-05T14:10:26.561Z","v":0}
{"name":"hexo","hostname":"DESKTOP-QNIENKM","pid":80052,"level":20,"msg":"Processed: source/lib/algolia-instant-search/instantsearch.min.js","time":"2017-03-05T14:10:26.562Z","v":0}
{"name":"hexo","hostname":"DESKTOP-QNIENKM","pid":80052,"level":20,"msg":"Processed: source/lib/font-awesome/fonts/fontawesome-webfont.svg","time":"2017-03-05T14:10:26.562Z","v":0}
{"name":"hexo","hostname":"DESKTOP-QNIENKM","pid":80052,"level":20,"msg":"Generator: page","time":"2017-03-05T14:10:26.848Z","v":0}
{"name":"hexo","hostname":"DESKTOP-QNIENKM","pid":80052,"level":20,"msg":"Generator: post","time":"2017-03-05T14:10:26.848Z","v":0}
{"name":"hexo","hostname":"DESKTOP-QNIENKM","pid":80052,"level":20,"msg":"Generator: category","time":"2017-03-05T14:10:26.848Z","v":0}
{"name":"hexo","hostname":"DESKTOP-QNIENKM","pid":80052,"level":20,"msg":"Generator: archive","time":"2017-03-05T14:10:26.849Z","v":0}
{"name":"hexo","hostname":"DESKTOP-QNIENKM","pid":80052,"level":20,"msg":"Generator: index","time":"2017-03-05T14:10:26.849Z","v":0}
{"name":"hexo","hostname":"DESKTOP-QNIENKM","pid":80052,"level":20,"msg":"Generator: tag","time":"2017-03-05T14:10:26.849Z","v":0}
{"name":"hexo","hostname":"DESKTOP-QNIENKM","pid":80052,"level":20,"msg":"Generator: asset","time":"2017-03-05T14:10:26.854Z","v":0}
{"name":"hexo","hostname":"DESKTOP-QNIENKM","pid":80052,"level":30,"msg":"Hexo is running at http://localhost:4000/. Press Ctrl+C to stop.","time":"2017-03-05T14:10:26.862Z","v":0}
{"name":"hexo","hostname":"DESKTOP-QNIENKM","pid":80052,"level":20,"msg":"Database saved","time":"2017-03-05T14:10:26.881Z","v":0}
{"name":"hexo","hostname":"DESKTOP-QNIENKM","pid":80052,"level":20,"msg":"Rendering index: index.html","time":"2017-03-05T14:10:40.690Z","v":0}
